<?xml version="1.0" encoding="UTF-8"?>
<!-- Generated by org.testng.reporters.JUnitXMLReporter -->
<testsuite hostname="Sid" ignored="0" name="Test" tests="4" failures="0" timestamp="23 Jul 2017 03:30:23 GMT" time="0.038" errors="0">
  <testcase name="test3" time="0.005" classname="personal.ParallelTestExecution.ParallelTestExecutionTest"/>
  <testcase name="test4" time="0.006" classname="personal.ParallelTestExecution.ParallelTestExecutionTest"/>
  <testcase name="test2" time="0.007" classname="personal.ParallelTestExecution.ParallelTestExecutionTest"/>
  <testcase name="test1" time="0.009" classname="personal.ParallelTestExecution.ParallelTestExecutionTest"/>
</testsuite> <!-- Test -->
