<?xml version="1.0" encoding="UTF-8"?>
<!-- Generated by org.testng.reporters.JUnitXMLReporter -->
<testsuite hostname="Sid" name="Command line test" tests="4" failures="0" timestamp="22 Jul 2017 23:31:22 GMT" time="27.554" errors="0">
  <testcase name="test1" time="20.225" classname="personal.ParallelTestExecution.ParallelTestExecutionTest"/>
  <testcase name="test2" time="0.001" classname="personal.ParallelTestExecution.ParallelTestExecutionTest"/>
  <testcase name="test3" time="0.001" classname="personal.ParallelTestExecution.ParallelTestExecutionTest"/>
  <testcase name="test4" time="0.0" classname="personal.ParallelTestExecution.ParallelTestExecutionTest"/>
</testsuite> <!-- Command line test -->
